#
# A fatal error has been detected by the Java Runtime Environment:
#
#  EXCEPTION_ACCESS_VIOLATION (0xc0000005) at pc=0x00007ffc3ef03004, pid=12896, tid=14696
#
# JRE version: OpenJDK Runtime Environment (24.0+36) (build 24+36-3646)
# Java VM: OpenJDK 64-Bit Server VM (24+36-3646, mixed mode, sharing, tiered, compressed oops, compressed class ptrs, g1 gc, windows-amd64)
# Problematic frame:
# C  [libasyncProfiler.dll+0x93004]
#
# No core dump will be written. Minidumps are not enabled by default on client versions of Windows
#
# JFR recording file will be written. Location: C:\Users\Administrator\IdeaProjects\ExamProcessingSystem\hs_err_pid12896.jfr
#
# If you would like to submit a bug report, please visit:
#   https://bugreport.java.com/bugreport/crash.jsp
# The crash happened outside the Java Virtual Machine in native code.
# See problematic frame for where to report the bug.
#

---------------  S U M M A R Y ------------

Command Line: -javaagent:C:\Program Files\JetBrains\IntelliJ IDEA 2024.3.5\lib\idea_rt.jar=59434 -Dfile.encoding=UTF-8 -Dsun.stdout.encoding=UTF-8 -Dsun.stderr.encoding=UTF-8 Main

Host: Intel(R) Core(TM) i7-10610U CPU @ 1.80GHz, 8 cores, 15G,  Windows 11 , 64 bit Build 22000 (10.0.22000.2538)
Time: Wed Apr  9 00:51:12 2025 E. Africa Standard Time elapsed time: 164.483660 seconds (0d 0h 2m 44s)

---------------  T H R E A D  ---------------

Current thread (0x0000017d466f3a60):  JavaThread "Attach Listener" daemon [_thread_in_native, id=14696, stack(0x0000004176d00000,0x0000004176e00000) (1024K)]

Stack: [0x0000004176d00000,0x0000004176e00000],  sp=0x0000004176dff1f0,  free space=1020k
Native frames: (J=compiled Java code, j=interpreted, Vv=VM code, C=native code)
C  [libasyncProfiler.dll+0x93004]  (no source info available)
C  [libasyncProfiler.dll+0x934db]  (no source info available)
C  [libasyncProfiler.dll+0x92134]  (no source info available)
C  [libasyncProfiler.dll+0x929aa]  (no source info available)
C  [libasyncProfiler.dll+0x8d561]  (no source info available)
C  [libasyncProfiler.dll+0x7ef21]  (no source info available)
C  [libasyncProfiler.dll+0x7dc38]  (no source info available)
C  [libasyncProfiler.dll+0x7db20]  (no source info available)
C  [libasyncProfiler.dll+0x84af9]  (no source info available)
V  [jvm.dll+0x57f1b7]  (no source info available)
V  [jvm.dll+0x57ff2c]  (no source info available)
V  [jvm.dll+0x14c9b7]  (no source info available)
V  [jvm.dll+0x14df81]  (no source info available)
V  [jvm.dll+0x42f566]  (no source info available)
V  [jvm.dll+0x87d8fb]  (no source info available)
V  [jvm.dll+0x72efe5]  (no source info available)
C  [ucrtbase.dll+0x26c0c]  (no source info available)
C  [KERNEL32.DLL+0x153e0]  (no source info available)
C  [ntdll.dll+0x485b]  (no source info available)


siginfo: EXCEPTION_ACCESS_VIOLATION (0xc0000005), reading address 0xffffffffffffffff


Registers:
RAX=0x0000000000000010, RBX=0x0000000000000000, RCX=0xffffffffffffffff, RDX=0x007ffbc3392ff010
RSP=0x0000004176dff1f0, RBP=0x0000017d8c3b87a0, RSI=0x0000004176dff360, RDI=0x0000017d8c3b87a0
R8 =0x0000000000000042, R9 =0x0000000713801ee8, R10=0x00007ffbc3609fc0, R11=0x0000000000000002
R12=0x0000004176dff360, R13=0x0000017d8c2bb080, R14=0x0000017d466f3e28, R15=0x0000017d466f3e28
RIP=0x00007ffc3ef03004, EFLAGS=0x0000000000010202

XMM[0]=0x0000000000000000 0x0000000000000000
XMM[1]=0x0000000000000000 0x0000000000000000
XMM[2]=0x0000000000000000 0x0000000000000000
XMM[3]=0x0000000000000000 0x0000000000000000
XMM[4]=0x0000000000000000 0x0000000000000000
XMM[5]=0x0000000000000000 0x0000000000000000
XMM[6]=0x0000000000000000 0x0000000000000000
XMM[7]=0x0000000000000000 0x0000000000000000
XMM[8]=0x0000000000000000 0x0000000000000000
XMM[9]=0x0000000000000000 0x0000000000000000
XMM[10]=0x0000000000000000 0x0000000000000000
XMM[11]=0x0000000000000000 0x0000000000000000
XMM[12]=0x0000000000000000 0x0000000000000000
XMM[13]=0x0000000000000000 0x0000000000000000
XMM[14]=0x0000000000000000 0x0000000000000000
XMM[15]=0x0000000000000000 0x0000000000000000
  MXCSR=0x00001fa0


Register to memory mapping:

RAX=0x0000000000000010 is an unknown value
RBX=0x0 is null
RCX=0xffffffffffffffff is an unknown value
RDX=0x007ffbc3392ff010 is an unknown value
RSP=0x0000004176dff1f0 is pointing into the stack for thread: 0x0000017d466f3a60
RBP=0x0000017d8c3b87a0 points into unknown readable memory: 0x0000000713801ee8 | e8 1e 80 13 07 00 00 00
RSI=0x0000004176dff360 is pointing into the stack for thread: 0x0000017d466f3a60
RDI=0x0000017d8c3b87a0 points into unknown readable memory: 0x0000000713801ee8 | e8 1e 80 13 07 00 00 00
R8 =0x0000000000000042 is an unknown value
R9 =0x0000000713801ee8 is an oop: java.lang.Thread 
{0x0000000713801ee8} - klass: 'java/lang/Thread' - flags: 

 - ---- fields (total size 14 words):
 - 'threadLocalRandomProbe' 'I' @12  0 (0x00000000)
 - private volatile 'eetop' 'J' @16  1637044297776 (0x0000017d2771a030)
 - private final 'tid' 'J' @24  3 (0x0000000000000003)
 - 'threadLocalRandomSeed' 'J' @32  0 (0x0000000000000000)
 - injected 'jvmti_thread_state' 'J' @40  1638731511408 (0x0000017d8c027670)
 - 'threadLocalRandomSecondarySeed' 'I' @48  0 (0x00000000)
 - injected 'jvmti_VTMS_transition_disable_count' 'I' @52  0 (0x00000000)
 - injected 'jfr_epoch' 'S' @56  0 (0x0000)
 - volatile 'interrupted' 'Z' @58  false (0x00)
 - injected 'jvmti_is_in_VTMS_transition' 'Z' @59  false (0x00)
 - private volatile 'name' 'Ljava/lang/String;' @60  "main"{0x0000000713801f58} (0xe27003eb)
 - private volatile 'contextClassLoader' 'Ljava/lang/ClassLoader;' @64  a 'jdk/internal/loader/ClassLoaders$AppClassLoader'{0x0000000713815cc8} (0xe2702b99)
 - private final 'holder' 'Ljava/lang/Thread$FieldHolder;' @68  a 'java/lang/Thread$FieldHolder'{0x0000000713801f98} (0xe27003f3)
 - 'threadLocals' 'Ljava/lang/ThreadLocal$ThreadLocalMap;' @72  a 'java/lang/ThreadLocal$ThreadLocalMap'{0x0000000713732e90} (0xe26e65d2)
 - 'inheritableThreadLocals' 'Ljava/lang/ThreadLocal$ThreadLocalMap;' @76  null (0x00000000)
 - private 'scopedValueBindings' 'Ljava/lang/Object;' @80  a 'java/lang/Class'{0x00000007ffe7c280} = 'java/lang/Thread' (0xfffcf850)
 - final 'interruptLock' 'Ljava/lang/Object;' @84  a 'java/lang/Object'{0x0000000713801f88} (0xe27003f1)
 - private volatile 'parkBlocker' 'Ljava/lang/Object;' @88  null (0x00000000)
 - private 'nioBlocker' 'Lsun/nio/ch/Interruptible;' @92  null (0x00000000)
 - private 'cont' 'Ljdk/internal/vm/Continuation;' @96  null (0x00000000)
 - private volatile 'uncaughtExceptionHandler' 'Ljava/lang/Thread$UncaughtExceptionHandler;' @100  null (0x00000000)
 - private 'container' 'Ljdk/internal/vm/ThreadContainer;' @104  null (0x00000000)
 - private volatile 'headStackableScopes' 'Ljdk/internal/vm/StackableScope;' @108  null (0x00000000)
R10=0x00007ffbc3609fc0 jvm.dll
R11=0x0000000000000002 is an unknown value
R12=0x0000004176dff360 is pointing into the stack for thread: 0x0000017d466f3a60
R13=0x0000017d8c2bb080 points into unknown readable memory: 0x00007ffbc357a510 | 10 a5 57 c3 fb 7f 00 00
R14=0x0000017d466f3e28 points into unknown readable memory: 0x00007ffbc35717b0 | b0 17 57 c3 fb 7f 00 00
R15=0x0000017d466f3e28 points into unknown readable memory: 0x00007ffbc35717b0 | b0 17 57 c3 fb 7f 00 00

Top of Stack: (sp=0x0000004176dff1f0)
0x0000004176dff1f0:   0000004176dff360 0000017d8c3b87a0   `..vA.....;.}...
0x0000004176dff200:   0000000000000000 0000017d466f41b0   .........AoF}...
0x0000004176dff210:   000000000000001c 00007ffc3ef034db   .........4.>....
0x0000004176dff220:   0000000000000000 0000017d466f3e28   ........(>oF}...
0x0000004176dff230:   0000004176dff301 0000000000000000   ...vA...........
0x0000004176dff240:   0000017d8c10d200 00007ffc3ef02134   ....}...4!.>....
0x0000004176dff250:   0000000000000000 000000000000001c   ................
0x0000004176dff260:   0000000000000000 000000000000001c   ................
0x0000004176dff270:   0000000e8f9f5040 0000017d8c10d000   @P..........}...
0x0000004176dff280:   0000017d8c10d200 0000017d8c10d270   ....}...p...}...
0x0000004176dff290:   0000017d8c10d270 00000000000046e8   p...}....F......
0x0000004176dff2a0:   0000000000000000 0000000000000000   ................
0x0000004176dff2b0:   0000000000000000 00007ffbc2dd58e4   .........X......
0x0000004176dff2c0:   00007ffc3f05ae00 0000000000003260   ...?....`2......
0x0000004176dff2d0:   00007ffc3f05ae00 00000000ffffffff   ...?............
0x0000004176dff2e0:   0000000000000000 00007ffc3ef029aa   .........).>....
0x0000004176dff2f0:   0000017d466f3e28 0000000000000000   (>oF}...........
0x0000004176dff300:   0000004176dff369 0000017d8c2bb080   i..vA.....+.}...
0x0000004176dff310:   0000000000000003 0000000000000048   ........H.......
0x0000004176dff320:   0000000800800310 0000000000000020   ........ .......
0x0000004176dff330:   0000017d466f3e28 00007ffc3f05ae00   (>oF}......?....
0x0000004176dff340:   0000017d465aaf00 0000017d8c027670   ..ZF}...pv..}...
0x0000004176dff350:   0000000800800390 0000017d466f3e28   ........(>oF}...
0x0000004176dff360:   0000017d8c1183f0 0000017d8c118770   ....}...p...}...
0x0000004176dff370:   0000017d8c118770 00007ffc3f05ae00   p...}......?....
0x0000004176dff380:   0000017d8c821250 0000017d253c0000   P...}.....<%}...
0x0000004176dff390:   0000004176dff630 0000000000008840   0..vA...@.......
0x0000004176dff3a0:   0000004176dff810 00007ffc3f05ae50   ...vA...P..?....
0x0000004176dff3b0:   0000000000989680 0000000000989680   ................
0x0000004176dff3c0:   0000004176dff4d0 00007ffc3eefd561   ...vA...a..>....
0x0000004176dff3d0:   00007ffc3f05ae00 00007ffc3f05ae58   ...?....X..?....
0x0000004176dff3e0:   00007ffc00000000 00007ffb00000001   ................

Instructions: (pc=0x00007ffc3ef03004)
  0x00007ffc3ef02f04:   cc cc cc cc cc cc cc cc cc cc cc cc cc cc cc cc
  0x00007ffc3ef02f14:   cc cc cc cc cc cc cc cc cc cc cc cc cc cc cc cc
  0x00007ffc3ef02f24:   cc cc cc cc cc cc cc cc cc cc cc cc cc cc cc cc
  0x00007ffc3ef02f34:   cc cc cc cc cc cc cc cc cc cc cc cc cc cc cc cc
  0x00007ffc3ef02f44:   cc cc cc cc cc cc cc cc cc cc cc cc cc cc cc cc
  0x00007ffc3ef02f54:   cc cc cc cc cc cc cc cc cc cc cc cc cc cc cc cc
  0x00007ffc3ef02f64:   cc cc cc cc cc cc cc cc cc cc cc cc cc cc cc cc
  0x00007ffc3ef02f74:   cc cc cc cc cc cc cc cc cc cc cc cc cc cc cc cc
  0x00007ffc3ef02f84:   cc cc cc cc cc cc cc cc cc cc cc cc 40 57 48 83
  0x00007ffc3ef02f94:   ec 20 48 8b f9 48 8b 0d 30 80 15 00 48 85 c9 74
  0x00007ffc3ef02fa4:   20 48 8b 01 48 8d 54 24 38 41 b8 06 00 01 00 4c
  0x00007ffc3ef02fb4:   8b 48 30 41 ff d1 85 c0 75 07 48 8b 4c 24 38 eb
  0x00007ffc3ef02fc4:   02 33 c9 4c 8b 05 0a 81 15 00 48 89 5c 24 30 4d
  0x00007ffc3ef02fd4:   85 c0 74 4a 48 8b 01 48 8b d7 4c 8b 88 28 03 00
  0x00007ffc3ef02fe4:   00 41 ff d1 48 85 c0 74 35 48 63 0d b8 3d 15 00
  0x00007ffc3ef02ff4:   48 8b 14 01 48 85 d2 74 15 48 63 05 bc 3d 15 00
=>0x00007ffc3ef03004:   8b 04 10 48 8b 5c 24 30 48 83 c4 20 5f c3 b8 ff
  0x00007ffc3ef03014:   ff ff ff 48 8b 5c 24 30 48 83 c4 20 5f c3 80 3d
  0x00007ffc3ef03024:   bb 7f 15 00 00 bb ff ff ff ff 74 20 4c 8b 0d 51
  0x00007ffc3ef03034:   7c 15 00 4c 8d 44 24 38 48 8b 0d 35 7c 15 00 48
  0x00007ffc3ef03044:   8b d7 41 ff d1 85 c0 0f 44 5c 24 38 8b c3 48 8b
  0x00007ffc3ef03054:   5c 24 30 48 83 c4 20 5f c3 cc cc cc cc cc cc cc
  0x00007ffc3ef03064:   cc cc cc cc cc cc cc cc cc cc cc cc cc cc cc cc
  0x00007ffc3ef03074:   cc cc cc cc cc cc cc cc cc cc cc cc cc cc cc cc
  0x00007ffc3ef03084:   cc cc cc cc cc cc cc cc cc cc cc cc 48 89 54 24
  0x00007ffc3ef03094:   10 53 55 56 57 41 56 41 57 48 83 ec 28 48 8b f2
  0x00007ffc3ef030a4:   4c 8b f1 48 89 4c 24 78 45 33 ff 44 89 7c 24 68
  0x00007ffc3ef030b4:   c7 44 24 60 01 00 00 00 48 8d 4c 24 68 e8 69 3c
  0x00007ffc3ef030c4:   f7 ff 8b d8 48 8d 4c 24 60 e8 5d 3c f7 ff 8b e8
  0x00007ffc3ef030d4:   49 8b ce e8 33 f3 f6 ff 48 8b f8 90 8b c3 f0 0f
  0x00007ffc3ef030e4:   b1 2f 74 04 f3 90 eb f4 4c 89 3e 4c 89 7e 08 4c
  0x00007ffc3ef030f4:   89 7e 10 49 8b 6e 08 4d 8b 76 10 49 3b ee 0f 84


Stack slot to memory mapping:

stack at sp + 0 slots: 0x0000004176dff360 is pointing into the stack for thread: 0x0000017d466f3a60
stack at sp + 1 slots: 0x0000017d8c3b87a0 points into unknown readable memory: 0x0000000713801ee8 | e8 1e 80 13 07 00 00 00
stack at sp + 2 slots: 0x0 is null
stack at sp + 3 slots: 0x0000017d466f41b0 points into unknown readable memory: 0x6e616c2e6176616a | 6a 61 76 61 2e 6c 61 6e
stack at sp + 4 slots: 0x000000000000001c is an unknown value
stack at sp + 5 slots: 0x00007ffc3ef034db libasyncProfiler.dll
stack at sp + 6 slots: 0x0 is null
stack at sp + 7 slots: 0x0000017d466f3e28 points into unknown readable memory: 0x00007ffbc35717b0 | b0 17 57 c3 fb 7f 00 00

Lock stack of current Java thread (top to bottom):


---------------  P R O C E S S  ---------------

Threads class SMR info:
_java_thread_list=0x0000017d8c1b39d0, length=20, elements={
0x0000017d2771a030, 0x0000017d466eb100, 0x0000017d466ed9c0, 0x0000017d466f1f20,
0x0000017d466f3a60, 0x0000017d466f59c0, 0x0000017d466f7700, 0x0000017d46706090,
0x0000017d4670d170, 0x0000017d466f6110, 0x0000017d466f6fb0, 0x0000017d466f6860,
0x0000017d466f7e50, 0x0000017d466f4b20, 0x0000017d466f5270, 0x0000017d8c7566d0,
0x0000017d8c3b9ce0, 0x0000017d8c759a00, 0x0000017d8c5173c0, 0x0000017d8c758b60
}

Java Threads: ( => current thread )
  0x0000017d2771a030 JavaThread "main"                              [_thread_in_native, id=18412, stack(0x0000004176200000,0x0000004176300000) (1024K)]
  0x0000017d466eb100 JavaThread "Reference Handler"          daemon [_thread_blocked, id=16900, stack(0x0000004176a00000,0x0000004176b00000) (1024K)]
  0x0000017d466ed9c0 JavaThread "Finalizer"                  daemon [_thread_blocked, id=8764, stack(0x0000004176b00000,0x0000004176c00000) (1024K)]
  0x0000017d466f1f20 JavaThread "Signal Dispatcher"          daemon [_thread_blocked, id=9068, stack(0x0000004176c00000,0x0000004176d00000) (1024K)]
=>0x0000017d466f3a60 JavaThread "Attach Listener"            daemon [_thread_in_native, id=14696, stack(0x0000004176d00000,0x0000004176e00000) (1024K)]
  0x0000017d466f59c0 JavaThread "Service Thread"             daemon [_thread_blocked, id=11496, stack(0x0000004176e00000,0x0000004176f00000) (1024K)]
  0x0000017d466f7700 JavaThread "Monitor Deflation Thread"   daemon [_thread_blocked, id=17860, stack(0x0000004176f00000,0x0000004177000000) (1024K)]
  0x0000017d46706090 JavaThread "C2 CompilerThread0"         daemon [_thread_blocked, id=2820, stack(0x0000004177000000,0x0000004177100000) (1024K)]
  0x0000017d4670d170 JavaThread "C1 CompilerThread0"         daemon [_thread_blocked, id=1056, stack(0x0000004177100000,0x0000004177200000) (1024K)]
  0x0000017d466f6110 JavaThread "Common-Cleaner"             daemon [_thread_blocked, id=8120, stack(0x0000004177200000,0x0000004177300000) (1024K)]
  0x0000017d466f6fb0 JavaThread "Monitor Ctrl-Break"         daemon [_thread_in_native, id=7344, stack(0x0000004177300000,0x0000004177400000) (1024K)]
  0x0000017d466f6860 JavaThread "Notification Thread"        daemon [_thread_blocked, id=3772, stack(0x0000004177400000,0x0000004177500000) (1024K)]
  0x0000017d466f7e50 JavaThread "RMI TCP Accept-0"           daemon [_thread_in_native, id=11680, stack(0x0000004177700000,0x0000004177800000) (1024K)]
  0x0000017d466f4b20 JavaThread "RMI TCP Connection(1)-192.168.0.19" daemon [_thread_in_native, id=5096, stack(0x0000004177800000,0x0000004177900000) (1024K)]
  0x0000017d466f5270 JavaThread "RMI Scheduler(0)"           daemon [_thread_blocked, id=8140, stack(0x0000004177900000,0x0000004177a00000) (1024K)]
  0x0000017d8c7566d0 JavaThread "JMX server connection timeout 31" daemon [_thread_blocked, id=12008, stack(0x0000004177a00000,0x0000004177b00000) (1024K)]
  0x0000017d8c3b9ce0 JavaThread "C2 CompilerThread1"         daemon [_thread_blocked, id=2736, stack(0x0000004175f00000,0x0000004176000000) (1024K)]
  0x0000017d8c759a00 JavaThread "JFR Recorder Thread"        daemon [_thread_in_native, id=464, stack(0x0000004176000000,0x0000004176100000) (1024K)]
  0x0000017d8c5173c0 JavaThread "C2 CompilerThread2"         daemon [_thread_blocked, id=17876, stack(0x0000004176100000,0x0000004176200000) (1024K)]
  0x0000017d8c758b60 JavaThread "JFR Periodic Tasks"         daemon [_thread_blocked, id=18152, stack(0x0000004177500000,0x0000004177600000) (1024K)]
Total: 20

Other Threads:
  0x0000017d466d8c80 VMThread "VM Thread"                           [id=14496, stack(0x0000004176900000,0x0000004176a00000) (1024K)]
  0x0000017d466ceae0 WatcherThread "VM Periodic Task Thread"        [id=5276, stack(0x0000004176800000,0x0000004176900000) (1024K)]
  0x0000017d277842d0 WorkerThread "GC Thread#0"                     [id=13228, stack(0x0000004176300000,0x0000004176400000) (1024K)]
  0x0000017d27799d80 ConcurrentGCThread "G1 Main Marker"            [id=16632, stack(0x0000004176400000,0x0000004176500000) (1024K)]
  0x0000017d2779b920 WorkerThread "G1 Conc#0"                       [id=11292, stack(0x0000004176500000,0x0000004176600000) (1024K)]
  0x0000017d277de580 ConcurrentGCThread "G1 Refine#0"               [id=15224, stack(0x0000004176600000,0x0000004176700000) (1024K)]
  0x0000017d46590ef0 ConcurrentGCThread "G1 Service"                [id=13164, stack(0x0000004176700000,0x0000004176800000) (1024K)]
Total: 7

Threads with active compile tasks:
Total: 0

VM state: not at safepoint (normal execution)

VM Mutex/Monitor currently owned by a thread: None

Heap address: 0x0000000703c00000, size: 4036 MB, Compressed Oops mode: Zero based, Oop shift amount: 3

CDS archive(s) mapped at: [0x0000017d47000000-0x0000017d47d40000-0x0000017d47d40000), size 13893632, SharedBaseAddress: 0x0000017d47000000, ArchiveRelocationMode: 1.
Compressed class space mapped at: 0x0000017d48000000-0x0000017d88000000, reserved size: 1073741824
UseCompressedClassPointers 1, UseCompactObjectHeaders 0
Narrow klass pointer bits 32, Max shift 3
Narrow klass base: 0x0000017d47000000, Narrow klass shift: 0
Encoding Range: [0x0000017d47000000 - 0x0000017e47000000), (4294967296 bytes)
Klass Range:    [0x0000017d47000000 - 0x0000017d88000000), (1090519040 bytes)
Klass ID Range:  [8 - 1090519033) (1090519025)

GC Precious Log:
 CardTable entry size: 512
 Card Set container configuration: InlinePtr #cards 4 size 8 Array Of Cards #cards 16 size 48 Howl #buckets 8 coarsen threshold 3686 Howl Bitmap #cards 512 size 80 coarsen threshold 460 Card regions per heap region 1 cards per card region 4096
 CPUs: 8 total, 8 available
 Memory: 16136M
 Large Page Support: Disabled
 NUMA Support: Disabled
 Compressed Oops: Enabled (Zero based)
 Heap Region Size: 2M
 Heap Min Capacity: 8M
 Heap Initial Capacity: 254M
 Heap Max Capacity: 4036M
 Pre-touch: Disabled
 Parallel Workers: 8
 Concurrent Workers: 2
 Concurrent Refinement Workers: 8
 Periodic GC: Disabled

Heap:
 garbage-first heap   total reserved 4132864K, committed 262144K, used 35952K [0x0000000703c00000, 0x0000000800000000)
  region size 2048K, 18 young (36864K), 0 survivors (0K)
 Metaspace       used 8199K, committed 8512K, reserved 1114112K
  class space    used 732K, committed 896K, reserved 1048576K

Heap Regions: E=young(eden), S=young(survivor), O=old, HS=humongous(starts), HC=humongous(continues), CS=collection set, F=free, TAMS=top-at-mark-start, PB=parsable bottom
|   0|0x0000000703c00000, 0x0000000703c00000, 0x0000000703e00000|  0%| F|  |TAMS 0x0000000703c00000| PB 0x0000000703c00000| Untracked |  0
|   1|0x0000000703e00000, 0x0000000703e00000, 0x0000000704000000|  0%| F|  |TAMS 0x0000000703e00000| PB 0x0000000703e00000| Untracked |  0
|   2|0x0000000704000000, 0x0000000704000000, 0x0000000704200000|  0%| F|  |TAMS 0x0000000704000000| PB 0x0000000704000000| Untracked |  0
|   3|0x0000000704200000, 0x0000000704200000, 0x0000000704400000|  0%| F|  |TAMS 0x0000000704200000| PB 0x0000000704200000| Untracked |  0
|   4|0x0000000704400000, 0x0000000704400000, 0x0000000704600000|  0%| F|  |TAMS 0x0000000704400000| PB 0x0000000704400000| Untracked |  0
|   5|0x0000000704600000, 0x0000000704600000, 0x0000000704800000|  0%| F|  |TAMS 0x0000000704600000| PB 0x0000000704600000| Untracked |  0
|   6|0x0000000704800000, 0x0000000704800000, 0x0000000704a00000|  0%| F|  |TAMS 0x0000000704800000| PB 0x0000000704800000| Untracked |  0
|   7|0x0000000704a00000, 0x0000000704a00000, 0x0000000704c00000|  0%| F|  |TAMS 0x0000000704a00000| PB 0x0000000704a00000| Untracked |  0
|   8|0x0000000704c00000, 0x0000000704c00000, 0x0000000704e00000|  0%| F|  |TAMS 0x0000000704c00000| PB 0x0000000704c00000| Untracked |  0
|   9|0x0000000704e00000, 0x0000000704e00000, 0x0000000705000000|  0%| F|  |TAMS 0x0000000704e00000| PB 0x0000000704e00000| Untracked |  0
|  10|0x0000000705000000, 0x0000000705000000, 0x0000000705200000|  0%| F|  |TAMS 0x0000000705000000| PB 0x0000000705000000| Untracked |  0
|  11|0x0000000705200000, 0x0000000705200000, 0x0000000705400000|  0%| F|  |TAMS 0x0000000705200000| PB 0x0000000705200000| Untracked |  0
|  12|0x0000000705400000, 0x0000000705400000, 0x0000000705600000|  0%| F|  |TAMS 0x0000000705400000| PB 0x0000000705400000| Untracked |  0
|  13|0x0000000705600000, 0x0000000705600000, 0x0000000705800000|  0%| F|  |TAMS 0x0000000705600000| PB 0x0000000705600000| Untracked |  0
|  14|0x0000000705800000, 0x0000000705800000, 0x0000000705a00000|  0%| F|  |TAMS 0x0000000705800000| PB 0x0000000705800000| Untracked |  0
|  15|0x0000000705a00000, 0x0000000705a00000, 0x0000000705c00000|  0%| F|  |TAMS 0x0000000705a00000| PB 0x0000000705a00000| Untracked |  0
|  16|0x0000000705c00000, 0x0000000705c00000, 0x0000000705e00000|  0%| F|  |TAMS 0x0000000705c00000| PB 0x0000000705c00000| Untracked |  0
|  17|0x0000000705e00000, 0x0000000705e00000, 0x0000000706000000|  0%| F|  |TAMS 0x0000000705e00000| PB 0x0000000705e00000| Untracked |  0
|  18|0x0000000706000000, 0x0000000706000000, 0x0000000706200000|  0%| F|  |TAMS 0x0000000706000000| PB 0x0000000706000000| Untracked |  0
|  19|0x0000000706200000, 0x0000000706200000, 0x0000000706400000|  0%| F|  |TAMS 0x0000000706200000| PB 0x0000000706200000| Untracked |  0
|  20|0x0000000706400000, 0x0000000706400000, 0x0000000706600000|  0%| F|  |TAMS 0x0000000706400000| PB 0x0000000706400000| Untracked |  0
|  21|0x0000000706600000, 0x0000000706600000, 0x0000000706800000|  0%| F|  |TAMS 0x0000000706600000| PB 0x0000000706600000| Untracked |  0
|  22|0x0000000706800000, 0x0000000706800000, 0x0000000706a00000|  0%| F|  |TAMS 0x0000000706800000| PB 0x0000000706800000| Untracked |  0
|  23|0x0000000706a00000, 0x0000000706a00000, 0x0000000706c00000|  0%| F|  |TAMS 0x0000000706a00000| PB 0x0000000706a00000| Untracked |  0
|  24|0x0000000706c00000, 0x0000000706c00000, 0x0000000706e00000|  0%| F|  |TAMS 0x0000000706c00000| PB 0x0000000706c00000| Untracked |  0
|  25|0x0000000706e00000, 0x0000000706e00000, 0x0000000707000000|  0%| F|  |TAMS 0x0000000706e00000| PB 0x0000000706e00000| Untracked |  0
|  26|0x0000000707000000, 0x0000000707000000, 0x0000000707200000|  0%| F|  |TAMS 0x0000000707000000| PB 0x0000000707000000| Untracked |  0
|  27|0x0000000707200000, 0x0000000707200000, 0x0000000707400000|  0%| F|  |TAMS 0x0000000707200000| PB 0x0000000707200000| Untracked |  0
|  28|0x0000000707400000, 0x0000000707400000, 0x0000000707600000|  0%| F|  |TAMS 0x0000000707400000| PB 0x0000000707400000| Untracked |  0
|  29|0x0000000707600000, 0x0000000707600000, 0x0000000707800000|  0%| F|  |TAMS 0x0000000707600000| PB 0x0000000707600000| Untracked |  0
|  30|0x0000000707800000, 0x0000000707800000, 0x0000000707a00000|  0%| F|  |TAMS 0x0000000707800000| PB 0x0000000707800000| Untracked |  0
|  31|0x0000000707a00000, 0x0000000707a00000, 0x0000000707c00000|  0%| F|  |TAMS 0x0000000707a00000| PB 0x0000000707a00000| Untracked |  0
|  32|0x0000000707c00000, 0x0000000707c00000, 0x0000000707e00000|  0%| F|  |TAMS 0x0000000707c00000| PB 0x0000000707c00000| Untracked |  0
|  33|0x0000000707e00000, 0x0000000707e00000, 0x0000000708000000|  0%| F|  |TAMS 0x0000000707e00000| PB 0x0000000707e00000| Untracked |  0
|  34|0x0000000708000000, 0x0000000708000000, 0x0000000708200000|  0%| F|  |TAMS 0x0000000708000000| PB 0x0000000708000000| Untracked |  0
|  35|0x0000000708200000, 0x0000000708200000, 0x0000000708400000|  0%| F|  |TAMS 0x0000000708200000| PB 0x0000000708200000| Untracked |  0
|  36|0x0000000708400000, 0x0000000708400000, 0x0000000708600000|  0%| F|  |TAMS 0x0000000708400000| PB 0x0000000708400000| Untracked |  0
|  37|0x0000000708600000, 0x0000000708600000, 0x0000000708800000|  0%| F|  |TAMS 0x0000000708600000| PB 0x0000000708600000| Untracked |  0
|  38|0x0000000708800000, 0x0000000708800000, 0x0000000708a00000|  0%| F|  |TAMS 0x0000000708800000| PB 0x0000000708800000| Untracked |  0
|  39|0x0000000708a00000, 0x0000000708a00000, 0x0000000708c00000|  0%| F|  |TAMS 0x0000000708a00000| PB 0x0000000708a00000| Untracked |  0
|  40|0x0000000708c00000, 0x0000000708c00000, 0x0000000708e00000|  0%| F|  |TAMS 0x0000000708c00000| PB 0x0000000708c00000| Untracked |  0
|  41|0x0000000708e00000, 0x0000000708e00000, 0x0000000709000000|  0%| F|  |TAMS 0x0000000708e00000| PB 0x0000000708e00000| Untracked |  0
|  42|0x0000000709000000, 0x0000000709000000, 0x0000000709200000|  0%| F|  |TAMS 0x0000000709000000| PB 0x0000000709000000| Untracked |  0
|  43|0x0000000709200000, 0x0000000709200000, 0x0000000709400000|  0%| F|  |TAMS 0x0000000709200000| PB 0x0000000709200000| Untracked |  0
|  44|0x0000000709400000, 0x0000000709400000, 0x0000000709600000|  0%| F|  |TAMS 0x0000000709400000| PB 0x0000000709400000| Untracked |  0
|  45|0x0000000709600000, 0x0000000709600000, 0x0000000709800000|  0%| F|  |TAMS 0x0000000709600000| PB 0x0000000709600000| Untracked |  0
|  46|0x0000000709800000, 0x0000000709800000, 0x0000000709a00000|  0%| F|  |TAMS 0x0000000709800000| PB 0x0000000709800000| Untracked |  0
|  47|0x0000000709a00000, 0x0000000709a00000, 0x0000000709c00000|  0%| F|  |TAMS 0x0000000709a00000| PB 0x0000000709a00000| Untracked |  0
|  48|0x0000000709c00000, 0x0000000709c00000, 0x0000000709e00000|  0%| F|  |TAMS 0x0000000709c00000| PB 0x0000000709c00000| Untracked |  0
|  49|0x0000000709e00000, 0x0000000709e00000, 0x000000070a000000|  0%| F|  |TAMS 0x0000000709e00000| PB 0x0000000709e00000| Untracked |  0
|  50|0x000000070a000000, 0x000000070a000000, 0x000000070a200000|  0%| F|  |TAMS 0x000000070a000000| PB 0x000000070a000000| Untracked |  0
|  51|0x000000070a200000, 0x000000070a200000, 0x000000070a400000|  0%| F|  |TAMS 0x000000070a200000| PB 0x000000070a200000| Untracked |  0
|  52|0x000000070a400000, 0x000000070a400000, 0x000000070a600000|  0%| F|  |TAMS 0x000000070a400000| PB 0x000000070a400000| Untracked |  0
|  53|0x000000070a600000, 0x000000070a600000, 0x000000070a800000|  0%| F|  |TAMS 0x000000070a600000| PB 0x000000070a600000| Untracked |  0
|  54|0x000000070a800000, 0x000000070a800000, 0x000000070aa00000|  0%| F|  |TAMS 0x000000070a800000| PB 0x000000070a800000| Untracked |  0
|  55|0x000000070aa00000, 0x000000070aa00000, 0x000000070ac00000|  0%| F|  |TAMS 0x000000070aa00000| PB 0x000000070aa00000| Untracked |  0
|  56|0x000000070ac00000, 0x000000070ac00000, 0x000000070ae00000|  0%| F|  |TAMS 0x000000070ac00000| PB 0x000000070ac00000| Untracked |  0
|  57|0x000000070ae00000, 0x000000070ae00000, 0x000000070b000000|  0%| F|  |TAMS 0x000000070ae00000| PB 0x000000070ae00000| Untracked |  0
|  58|0x000000070b000000, 0x000000070b000000, 0x000000070b200000|  0%| F|  |TAMS 0x000000070b000000| PB 0x000000070b000000| Untracked |  0
|  59|0x000000070b200000, 0x000000070b200000, 0x000000070b400000|  0%| F|  |TAMS 0x000000070b200000| PB 0x000000070b200000| Untracked |  0
|  60|0x000000070b400000, 0x000000070b400000, 0x000000070b600000|  0%| F|  |TAMS 0x000000070b400000| PB 0x000000070b400000| Untracked |  0
|  61|0x000000070b600000, 0x000000070b600000, 0x000000070b800000|  0%| F|  |TAMS 0x000000070b600000| PB 0x000000070b600000| Untracked |  0
|  62|0x000000070b800000, 0x000000070b800000, 0x000000070ba00000|  0%| F|  |TAMS 0x000000070b800000| PB 0x000000070b800000| Untracked |  0
|  63|0x000000070ba00000, 0x000000070ba00000, 0x000000070bc00000|  0%| F|  |TAMS 0x000000070ba00000| PB 0x000000070ba00000| Untracked |  0
|  64|0x000000070bc00000, 0x000000070bc00000, 0x000000070be00000|  0%| F|  |TAMS 0x000000070bc00000| PB 0x000000070bc00000| Untracked |  0
|  65|0x000000070be00000, 0x000000070be00000, 0x000000070c000000|  0%| F|  |TAMS 0x000000070be00000| PB 0x000000070be00000| Untracked |  0
|  66|0x000000070c000000, 0x000000070c000000, 0x000000070c200000|  0%| F|  |TAMS 0x000000070c000000| PB 0x000000070c000000| Untracked |  0
|  67|0x000000070c200000, 0x000000070c200000, 0x000000070c400000|  0%| F|  |TAMS 0x000000070c200000| PB 0x000000070c200000| Untracked |  0
|  68|0x000000070c400000, 0x000000070c400000, 0x000000070c600000|  0%| F|  |TAMS 0x000000070c400000| PB 0x000000070c400000| Untracked |  0
|  69|0x000000070c600000, 0x000000070c600000, 0x000000070c800000|  0%| F|  |TAMS 0x000000070c600000| PB 0x000000070c600000| Untracked |  0
|  70|0x000000070c800000, 0x000000070c800000, 0x000000070ca00000|  0%| F|  |TAMS 0x000000070c800000| PB 0x000000070c800000| Untracked |  0
|  71|0x000000070ca00000, 0x000000070ca00000, 0x000000070cc00000|  0%| F|  |TAMS 0x000000070ca00000| PB 0x000000070ca00000| Untracked |  0
|  72|0x000000070cc00000, 0x000000070cc00000, 0x000000070ce00000|  0%| F|  |TAMS 0x000000070cc00000| PB 0x000000070cc00000| Untracked |  0
|  73|0x000000070ce00000, 0x000000070ce00000, 0x000000070d000000|  0%| F|  |TAMS 0x000000070ce00000| PB 0x000000070ce00000| Untracked |  0
|  74|0x000000070d000000, 0x000000070d000000, 0x000000070d200000|  0%| F|  |TAMS 0x000000070d000000| PB 0x000000070d000000| Untracked |  0
|  75|0x000000070d200000, 0x000000070d200000, 0x000000070d400000|  0%| F|  |TAMS 0x000000070d200000| PB 0x000000070d200000| Untracked |  0
|  76|0x000000070d400000, 0x000000070d400000, 0x000000070d600000|  0%| F|  |TAMS 0x000000070d400000| PB 0x000000070d400000| Untracked |  0
|  77|0x000000070d600000, 0x000000070d600000, 0x000000070d800000|  0%| F|  |TAMS 0x000000070d600000| PB 0x000000070d600000| Untracked |  0
|  78|0x000000070d800000, 0x000000070d800000, 0x000000070da00000|  0%| F|  |TAMS 0x000000070d800000| PB 0x000000070d800000| Untracked |  0
|  79|0x000000070da00000, 0x000000070da00000, 0x000000070dc00000|  0%| F|  |TAMS 0x000000070da00000| PB 0x000000070da00000| Untracked |  0
|  80|0x000000070dc00000, 0x000000070dc00000, 0x000000070de00000|  0%| F|  |TAMS 0x000000070dc00000| PB 0x000000070dc00000| Untracked |  0
|  81|0x000000070de00000, 0x000000070de00000, 0x000000070e000000|  0%| F|  |TAMS 0x000000070de00000| PB 0x000000070de00000| Untracked |  0
|  82|0x000000070e000000, 0x000000070e000000, 0x000000070e200000|  0%| F|  |TAMS 0x000000070e000000| PB 0x000000070e000000| Untracked |  0
|  83|0x000000070e200000, 0x000000070e200000, 0x000000070e400000|  0%| F|  |TAMS 0x000000070e200000| PB 0x000000070e200000| Untracked |  0
|  84|0x000000070e400000, 0x000000070e400000, 0x000000070e600000|  0%| F|  |TAMS 0x000000070e400000| PB 0x000000070e400000| Untracked |  0
|  85|0x000000070e600000, 0x000000070e600000, 0x000000070e800000|  0%| F|  |TAMS 0x000000070e600000| PB 0x000000070e600000| Untracked |  0
|  86|0x000000070e800000, 0x000000070e800000, 0x000000070ea00000|  0%| F|  |TAMS 0x000000070e800000| PB 0x000000070e800000| Untracked |  0
|  87|0x000000070ea00000, 0x000000070ea00000, 0x000000070ec00000|  0%| F|  |TAMS 0x000000070ea00000| PB 0x000000070ea00000| Untracked |  0
|  88|0x000000070ec00000, 0x000000070ec00000, 0x000000070ee00000|  0%| F|  |TAMS 0x000000070ec00000| PB 0x000000070ec00000| Untracked |  0
|  89|0x000000070ee00000, 0x000000070ee00000, 0x000000070f000000|  0%| F|  |TAMS 0x000000070ee00000| PB 0x000000070ee00000| Untracked |  0
|  90|0x000000070f000000, 0x000000070f000000, 0x000000070f200000|  0%| F|  |TAMS 0x000000070f000000| PB 0x000000070f000000| Untracked |  0
|  91|0x000000070f200000, 0x000000070f200000, 0x000000070f400000|  0%| F|  |TAMS 0x000000070f200000| PB 0x000000070f200000| Untracked |  0
|  92|0x000000070f400000, 0x000000070f400000, 0x000000070f600000|  0%| F|  |TAMS 0x000000070f400000| PB 0x000000070f400000| Untracked |  0
|  93|0x000000070f600000, 0x000000070f600000, 0x000000070f800000|  0%| F|  |TAMS 0x000000070f600000| PB 0x000000070f600000| Untracked |  0
|  94|0x000000070f800000, 0x000000070f800000, 0x000000070fa00000|  0%| F|  |TAMS 0x000000070f800000| PB 0x000000070f800000| Untracked |  0
|  95|0x000000070fa00000, 0x000000070fa00000, 0x000000070fc00000|  0%| F|  |TAMS 0x000000070fa00000| PB 0x000000070fa00000| Untracked |  0
|  96|0x000000070fc00000, 0x000000070fc00000, 0x000000070fe00000|  0%| F|  |TAMS 0x000000070fc00000| PB 0x000000070fc00000| Untracked |  0
|  97|0x000000070fe00000, 0x000000070fe00000, 0x0000000710000000|  0%| F|  |TAMS 0x000000070fe00000| PB 0x000000070fe00000| Untracked |  0
|  98|0x0000000710000000, 0x0000000710000000, 0x0000000710200000|  0%| F|  |TAMS 0x0000000710000000| PB 0x0000000710000000| Untracked |  0
|  99|0x0000000710200000, 0x0000000710200000, 0x0000000710400000|  0%| F|  |TAMS 0x0000000710200000| PB 0x0000000710200000| Untracked |  0
| 100|0x0000000710400000, 0x0000000710400000, 0x0000000710600000|  0%| F|  |TAMS 0x0000000710400000| PB 0x0000000710400000| Untracked |  0
| 101|0x0000000710600000, 0x0000000710600000, 0x0000000710800000|  0%| F|  |TAMS 0x0000000710600000| PB 0x0000000710600000| Untracked |  0
| 102|0x0000000710800000, 0x0000000710800000, 0x0000000710a00000|  0%| F|  |TAMS 0x0000000710800000| PB 0x0000000710800000| Untracked |  0
| 103|0x0000000710a00000, 0x0000000710a00000, 0x0000000710c00000|  0%| F|  |TAMS 0x0000000710a00000| PB 0x0000000710a00000| Untracked |  0
| 104|0x0000000710c00000, 0x0000000710c00000, 0x0000000710e00000|  0%| F|  |TAMS 0x0000000710c00000| PB 0x0000000710c00000| Untracked |  0
| 105|0x0000000710e00000, 0x0000000710e00000, 0x0000000711000000|  0%| F|  |TAMS 0x0000000710e00000| PB 0x0000000710e00000| Untracked |  0
| 106|0x0000000711000000, 0x0000000711000000, 0x0000000711200000|  0%| F|  |TAMS 0x0000000711000000| PB 0x0000000711000000| Untracked |  0
| 107|0x0000000711200000, 0x0000000711200000, 0x0000000711400000|  0%| F|  |TAMS 0x0000000711200000| PB 0x0000000711200000| Untracked |  0
| 108|0x0000000711400000, 0x0000000711400000, 0x0000000711600000|  0%| F|  |TAMS 0x0000000711400000| PB 0x0000000711400000| Untracked |  0
| 109|0x0000000711600000, 0x00000007117eb880, 0x0000000711800000| 96%| E|  |TAMS 0x0000000711600000| PB 0x0000000711600000| Complete |  0
| 110|0x0000000711800000, 0x0000000711a00000, 0x0000000711a00000|100%| E|CS|TAMS 0x0000000711800000| PB 0x0000000711800000| Complete |  0
| 111|0x0000000711a00000, 0x0000000711c00000, 0x0000000711c00000|100%| E|CS|TAMS 0x0000000711a00000| PB 0x0000000711a00000| Complete |  0
| 112|0x0000000711c00000, 0x0000000711e00000, 0x0000000711e00000|100%| E|CS|TAMS 0x0000000711c00000| PB 0x0000000711c00000| Complete |  0
| 113|0x0000000711e00000, 0x0000000712000000, 0x0000000712000000|100%| E|CS|TAMS 0x0000000711e00000| PB 0x0000000711e00000| Complete |  0
| 114|0x0000000712000000, 0x0000000712200000, 0x0000000712200000|100%| E|CS|TAMS 0x0000000712000000| PB 0x0000000712000000| Complete |  0
| 115|0x0000000712200000, 0x0000000712400000, 0x0000000712400000|100%| E|CS|TAMS 0x0000000712200000| PB 0x0000000712200000| Complete |  0
| 116|0x0000000712400000, 0x0000000712600000, 0x0000000712600000|100%| E|CS|TAMS 0x0000000712400000| PB 0x0000000712400000| Complete |  0
| 117|0x0000000712600000, 0x0000000712800000, 0x0000000712800000|100%| E|CS|TAMS 0x0000000712600000| PB 0x0000000712600000| Complete |  0
| 118|0x0000000712800000, 0x0000000712a00000, 0x0000000712a00000|100%| E|CS|TAMS 0x0000000712800000| PB 0x0000000712800000| Complete |  0
| 119|0x0000000712a00000, 0x0000000712c00000, 0x0000000712c00000|100%| E|CS|TAMS 0x0000000712a00000| PB 0x0000000712a00000| Complete |  0
| 120|0x0000000712c00000, 0x0000000712e00000, 0x0000000712e00000|100%| E|CS|TAMS 0x0000000712c00000| PB 0x0000000712c00000| Complete |  0
| 121|0x0000000712e00000, 0x0000000713000000, 0x0000000713000000|100%| E|CS|TAMS 0x0000000712e00000| PB 0x0000000712e00000| Complete |  0
| 122|0x0000000713000000, 0x0000000713200000, 0x0000000713200000|100%| E|CS|TAMS 0x0000000713000000| PB 0x0000000713000000| Complete |  0
| 123|0x0000000713200000, 0x0000000713400000, 0x0000000713400000|100%| E|CS|TAMS 0x0000000713200000| PB 0x0000000713200000| Complete |  0
| 124|0x0000000713400000, 0x0000000713600000, 0x0000000713600000|100%| E|CS|TAMS 0x0000000713400000| PB 0x0000000713400000| Complete |  0
| 125|0x0000000713600000, 0x0000000713800000, 0x0000000713800000|100%| E|CS|TAMS 0x0000000713600000| PB 0x0000000713600000| Complete |  0
| 126|0x0000000713800000, 0x0000000713a00000, 0x0000000713a00000|100%| E|CS|TAMS 0x0000000713800000| PB 0x0000000713800000| Complete |  0
|2017|0x00000007ffe00000, 0x00000007fff1c348, 0x0000000800000000| 55%| O|  |TAMS 0x00000007ffe00000| PB 0x00000007ffe00000| Untracked |  0

Card table byte_map: [0x0000017d3fbf0000,0x0000017d403e0000] _byte_map_base: 0x0000017d3c3d2000

Marking Bits: (CMBitMap*) 0x0000017d277848e0
 Bits: [0x0000017d403e0000, 0x0000017d442f0000)

Polling page: 0x0000017d256e0000

Metaspace:

Usage:
  Non-class:      7.29 MB used.
      Class:    732.62 KB used.
       Both:      8.01 MB used.

Virtual space:
  Non-class space:       64.00 MB reserved,       7.44 MB ( 12%) committed,  1 nodes.
      Class space:        1.00 GB reserved,     896.00 KB ( <1%) committed,  1 nodes.
             Both:        1.06 GB reserved,       8.31 MB ( <1%) committed. 

Chunk freelists:
   Non-Class:  8.46 MB
       Class:  15.18 MB
        Both:  23.65 MB

MaxMetaspaceSize: unlimited
CompressedClassSpaceSize: 1.00 GB
Initial GC threshold: 21.00 MB
Current GC threshold: 21.00 MB
CDS: on
 - commit_granule_bytes: 65536.
 - commit_granule_words: 8192.
 - virtual_space_node_default_size: 8388608.
 - enlarge_chunks_in_place: 1.
UseCompressedClassPointers 1, UseCompactObjectHeaders 0
Narrow klass pointer bits 32, Max shift 3
Narrow klass base: 0x0000017d47000000, Narrow klass shift: 0
Encoding Range: [0x0000017d47000000 - 0x0000017e47000000), (4294967296 bytes)
Klass Range:    [0x0000017d47000000 - 0x0000017d88000000), (1090519040 bytes)
Klass ID Range:  [8 - 1090519033) (1090519025)


Internal statistics:

num_allocs_failed_limit: 0.
num_arena_births: 216.
num_arena_deaths: 0.
num_vsnodes_births: 2.
num_vsnodes_deaths: 0.
num_space_committed: 133.
num_space_uncommitted: 0.
num_chunks_returned_to_freelist: 0.
num_chunks_taken_from_freelist: 283.
num_chunk_merges: 0.
num_chunk_splits: 167.
num_chunks_enlarged: 69.
num_inconsistent_stats: 0.

CodeHeap 'non-profiled nmethods': size=120064Kb used=761Kb max_used=761Kb free=119302Kb
 bounds [0x0000017d37a80000, 0x0000017d37cf0000, 0x0000017d3efc0000]
CodeHeap 'profiled nmethods': size=120000Kb used=3530Kb max_used=3530Kb free=116470Kb
 bounds [0x0000017d2ffc0000, 0x0000017d30340000, 0x0000017d374f0000]
CodeHeap 'non-nmethods': size=5696Kb used=1339Kb max_used=1389Kb free=4356Kb
 bounds [0x0000017d374f0000, 0x0000017d37760000, 0x0000017d37a80000]
CodeCache: size=245760Kb, used=5630Kb, max_used=5680Kb, free=240128Kb
 total_blobs=2796, nmethods=2291, adapters=410, full_count=0
Compilation: enabled, stopped_count=0, restarted_count=0

Compilation events (20 events):
Event: 164.454 Thread 0x0000017d4670d170 2282       1       jdk.jfr.internal.EventControl::getEventType (5 bytes)
Event: 164.454 Thread 0x0000017d4670d170 nmethod 2282 0x0000017d37b3b688 code [0x0000017d37b3b780, 0x0000017d37b3b848]
Event: 164.454 Thread 0x0000017d4670d170 2283       1       jdk.jfr.internal.EventControl::getSettingsId (5 bytes)
Event: 164.454 Thread 0x0000017d4670d170 nmethod 2283 0x0000017d37b3b988 code [0x0000017d37b3ba80, 0x0000017d37b3bb48]
Event: 164.454 Thread 0x0000017d4670d170 2284       1       jdk.jfr.internal.EventControl::getNamedControls (5 bytes)
Event: 164.454 Thread 0x0000017d4670d170 nmethod 2284 0x0000017d37b3bc88 code [0x0000017d37b3bd80, 0x0000017d37b3be48]
Event: 164.455 Thread 0x0000017d4670d170 2286       1       jdk.jfr.internal.periodic.EventTask::getEventType (5 bytes)
Event: 164.455 Thread 0x0000017d4670d170 nmethod 2286 0x0000017d37b3bf88 code [0x0000017d37b3c080, 0x0000017d37b3c148]
Event: 164.455 Thread 0x0000017d4670d170 2287       1       jdk.jfr.internal.periodic.PeriodicTask::getPeriod (5 bytes)
Event: 164.455 Thread 0x0000017d4670d170 nmethod 2287 0x0000017d37b3c288 code [0x0000017d37b3c380, 0x0000017d37b3c448]
Event: 164.455 Thread 0x0000017d4670d170 2288       3       java.util.Comparator$$Lambda/0x0000017d480e2390::compare (10 bytes)
Event: 164.456 Thread 0x0000017d4670d170 nmethod 2288 0x0000017d30331388 code [0x0000017d303314e0, 0x0000017d30331958]
Event: 164.456 Thread 0x0000017d4670d170 2289       3       java.util.Comparator::lambda$comparingLong$6043328a$1 (18 bytes)
Event: 164.456 Thread 0x0000017d4670d170 nmethod 2289 0x0000017d30331988 code [0x0000017d30331ae0, 0x0000017d30331ec0]
Event: 164.456 Thread 0x0000017d4670d170 2290       3       jdk.internal.classfile.impl.Util$1WithCodeMethodHandler::accept (9 bytes)
Event: 164.456 Thread 0x0000017d4670d170 nmethod 2290 0x0000017d30331f08 code [0x0000017d30332040, 0x0000017d30332418]
Event: 164.456 Thread 0x0000017d4670d170 2291       3       jdk.internal.classfile.impl.Util$1WithCodeMethodHandler::accept (12 bytes)
Event: 164.456 Thread 0x0000017d4670d170 nmethod 2291 0x0000017d30332488 code [0x0000017d303325c0, 0x0000017d303327c8]
Event: 164.458 Thread 0x0000017d8c5173c0 nmethod 2273 0x0000017d37b3c588 code [0x0000017d37b3c6a0, 0x0000017d37b3cc18]
Event: 164.458 Thread 0x0000017d8c3b9ce0 nmethod 2243 0x0000017d37b3cc88 code [0x0000017d37b3cf40, 0x0000017d37b3e3b0]

GC Heap History (0 events):
No events

Dll operation events (12 events):
Event: 0.011 Loaded shared library C:\Users\Administrator\.jdks\openjdk-24\bin\java.dll
Event: 0.043 Loaded shared library C:\Users\Administrator\.jdks\openjdk-24\bin\jsvml.dll
Event: 0.091 Loaded shared library C:\Users\Administrator\.jdks\openjdk-24\bin\zip.dll
Event: 0.095 Loaded shared library C:\Users\Administrator\.jdks\openjdk-24\bin\instrument.dll
Event: 0.102 Loaded shared library C:\Users\Administrator\.jdks\openjdk-24\bin\net.dll
Event: 0.104 Loaded shared library C:\Users\Administrator\.jdks\openjdk-24\bin\nio.dll
Event: 0.109 Loaded shared library C:\Users\Administrator\.jdks\openjdk-24\bin\zip.dll
Event: 0.133 Loaded shared library C:\Users\Administrator\.jdks\openjdk-24\bin\extnet.dll
Event: 0.141 Loaded shared library C:\Users\Administrator\.jdks\openjdk-24\bin\jimage.dll
Event: 0.197 Loaded shared library C:\Users\Administrator\.jdks\openjdk-24\bin\management.dll
Event: 0.205 Loaded shared library C:\Users\Administrator\.jdks\openjdk-24\bin\management_ext.dll
Event: 164.252 Loaded shared library C:\Users\Administrator\AppData\Local\Temp\idea_libasyncProfiler_dll_temp_folder\libasyncProfiler.dll

Deoptimization events (20 events):
Event: 164.364 Thread 0x0000017d466f3a60 Uncommon trap: trap_request=0xffffff4d fr.pc=0x0000017d37b23ef0 relative=0x00000000000000d0
Event: 164.364 Thread 0x0000017d466f3a60 Uncommon trap: reason=unstable_if action=reinterpret pc=0x0000017d37b23ef0 method=jdk.jfr.internal.Type.getKnownType(Ljava/lang/Class;)Ljdk/jfr/internal/Type; @ 47 c2
Event: 164.364 Thread 0x0000017d466f3a60 DEOPT PACKING pc=0x0000017d37b23ef0 sp=0x0000004176dfe450
Event: 164.364 Thread 0x0000017d466f3a60 DEOPT UNPACKING pc=0x0000017d37605c02 sp=0x0000004176dfe3e8 mode 2
Event: 164.372 Thread 0x0000017d466f3a60 Uncommon trap: trap_request=0xffffff4d fr.pc=0x0000017d37b0f2b8 relative=0x0000000000000378
Event: 164.372 Thread 0x0000017d466f3a60 Uncommon trap: reason=unstable_if action=reinterpret pc=0x0000017d37b0f2b8 method=java.util.concurrent.ConcurrentHashMap.get(Ljava/lang/Object;)Ljava/lang/Object; @ 76 c2
Event: 164.372 Thread 0x0000017d466f3a60 DEOPT PACKING pc=0x0000017d37b0f2b8 sp=0x0000004176dfe470
Event: 164.372 Thread 0x0000017d466f3a60 DEOPT UNPACKING pc=0x0000017d37605c02 sp=0x0000004176dfe3e8 mode 2
Event: 164.380 Thread 0x0000017d466f3a60 Uncommon trap: trap_request=0xffffffcc fr.pc=0x0000017d37b26b9c relative=0x00000000000003dc
Event: 164.380 Thread 0x0000017d466f3a60 Uncommon trap: reason=intrinsic_or_type_checked_inlining action=make_not_entrant pc=0x0000017d37b26b9c method=java.util.Arrays.copyOf([Ljava/lang/Object;ILjava/lang/Class;)[Ljava/lang/Object; @ 35 c2
Event: 164.380 Thread 0x0000017d466f3a60 DEOPT PACKING pc=0x0000017d37b26b9c sp=0x0000004176dfe5d0
Event: 164.380 Thread 0x0000017d466f3a60 DEOPT UNPACKING pc=0x0000017d37605c02 sp=0x0000004176dfe560 mode 2
Event: 164.433 Thread 0x0000017d466f3a60 Uncommon trap: trap_request=0xffffff4d fr.pc=0x0000017d37b34bac relative=0x000000000000020c
Event: 164.433 Thread 0x0000017d466f3a60 Uncommon trap: reason=unstable_if action=reinterpret pc=0x0000017d37b34bac method=java.io.ByteArrayOutputStream.ensureCapacity(I)V @ 11 c2
Event: 164.433 Thread 0x0000017d466f3a60 DEOPT PACKING pc=0x0000017d37b34bac sp=0x0000004176dfe8e0
Event: 164.434 Thread 0x0000017d466f3a60 DEOPT UNPACKING pc=0x0000017d37605c02 sp=0x0000004176dfe818 mode 2
Event: 164.437 Thread 0x0000017d466f3a60 Uncommon trap: trap_request=0xffffff4d fr.pc=0x0000017d37b35484 relative=0x00000000000003e4
Event: 164.437 Thread 0x0000017d466f3a60 Uncommon trap: reason=unstable_if action=reinterpret pc=0x0000017d37b35484 method=java.io.ByteArrayOutputStream.ensureCapacity(I)V @ 11 c2
Event: 164.437 Thread 0x0000017d466f3a60 DEOPT PACKING pc=0x0000017d37b35484 sp=0x0000004176dfe840
Event: 164.437 Thread 0x0000017d466f3a60 DEOPT UNPACKING pc=0x0000017d37605c02 sp=0x0000004176dfe720 mode 2

Classes loaded (20 events):
Event: 164.420 Loading class jdk/jfr/internal/MetadataWriter
Event: 164.420 Loading class jdk/jfr/internal/MetadataWriter done
Event: 164.420 Loading class jdk/jfr/internal/MetadataDescriptor$Element
Event: 164.420 Loading class jdk/jfr/internal/MetadataDescriptor$Element done
Event: 164.421 Loading class jdk/jfr/internal/MetadataDescriptor$Attribute
Event: 164.421 Loading class jdk/jfr/internal/MetadataDescriptor$Attribute done
Event: 164.430 Loading class jdk/jfr/internal/consumer/StringParser$Encoding
Event: 164.430 Loading class jdk/jfr/internal/consumer/StringParser$Encoding done
Event: 164.440 Loading class jdk/jfr/internal/consumer/RepositoryFiles
Event: 164.441 Loading class jdk/jfr/internal/consumer/RepositoryFiles done
Event: 164.450 Loading class jdk/jfr/internal/SettingsManager$InternalSetting
Event: 164.450 Loading class jdk/jfr/internal/SettingsManager$InternalSetting done
Event: 164.452 Loading class jdk/jfr/internal/util/Rate
Event: 164.452 Loading class jdk/jfr/internal/util/Rate done
Event: 164.452 Loading class jdk/jfr/internal/util/TimespanUnit
Event: 164.452 Loading class jdk/jfr/internal/util/TimespanUnit done
Event: 164.452 Loading class jdk/jfr/internal/util/ValueParser
Event: 164.452 Loading class jdk/jfr/internal/util/ValueParser done
Event: 164.453 Loading class jdk/jfr/internal/periodic/PeriodicType
Event: 164.453 Loading class jdk/jfr/internal/periodic/PeriodicType done

Classes unloaded (0 events):
No events

Classes redefined (0 events):
No events

Internal exceptions (20 events):
Event: 0.499 Thread 0x0000017d466f4b20 Exception <a 'java/lang/NoSuchMethodError'{0x00000007126fef60}: 'java.lang.Object java.lang.invoke.DirectMethodHandle$Holder.invokeStatic(java.lang.Object, java.lang.Object, java.lang.Object, java.lang.Object, java.lang.Object, java.lang.Object, java.lang.Object, java.lang.Object)'> (0x00000007126fef60) 
thrown [s\open\src\hotspot\share\interpreter\linkResolver.cpp, line 805]
Event: 0.502 Thread 0x0000017d466f4b20 Exception <a 'java/lang/NoSuchMethodError'{0x0000000712722868}: 'java.lang.Object java.lang.invoke.DirectMethodHandle$Holder.invokeStatic(java.lang.Object, java.lang.Object, java.lang.Object, java.lang.Object, java.lang.Object, java.lang.Object, java.lang.Object, java.lang.Object, java.lang.Object)'> (0x0000000712722868) 
thrown [s\open\src\hotspot\share\interpreter\linkResolver.cpp, line 805]
Event: 0.503 Thread 0x0000017d466f4b20 Exception <a 'java/lang/NoSuchMethodError'{0x0000000712735d18}: 'java.lang.Object java.lang.invoke.Invokers$Holder.invokeExact_MT(java.lang.Object, java.lang.Object, java.lang.Object, java.lang.Object, java.lang.Object, java.lang.Object)'> (0x0000000712735d18) 
thrown [s\open\src\hotspot\share\interpreter\linkResolver.cpp, line 805]
Event: 0.505 Thread 0x0000017d466f4b20 Exception <a 'java/lang/NoSuchMethodError'{0x0000000712741a58}: 'java.lang.Object java.lang.invoke.DirectMethodHandle$Holder.invokeInterface(java.lang.Object, java.lang.Object, java.lang.Object, java.lang.Object, java.lang.Object)'> (0x0000000712741a58) 
thrown [s\open\src\hotspot\share\interpreter\linkResolver.cpp, line 805]
Event: 0.511 Thread 0x0000017d466f4b20 Exception <a 'java/lang/NoSuchMethodError'{0x000000071278c460}: 'double java.lang.invoke.DirectMethodHandle$Holder.invokeInterface(java.lang.Object, java.lang.Object)'> (0x000000071278c460) 
thrown [s\open\src\hotspot\share\interpreter\linkResolver.cpp, line 805]
Event: 0.512 Thread 0x0000017d466f4b20 Exception <a 'java/lang/NoSuchMethodError'{0x000000071279d0d0}: 'double java.lang.invoke.DelegatingMethodHandle$Holder.reinvoke_L(java.lang.Object, java.lang.Object)'> (0x000000071279d0d0) 
thrown [s\open\src\hotspot\share\interpreter\linkResolver.cpp, line 805]
Event: 0.657 Thread 0x0000017d466f4b20 Exception <a 'java/lang/NoSuchMethodError'{0x00000007127c4d00}: 'long java.lang.invoke.DirectMethodHandle$Holder.invokeVirtual(java.lang.Object, java.lang.Object)'> (0x00000007127c4d00) 
thrown [s\open\src\hotspot\share\interpreter\linkResolver.cpp, line 805]
Event: 0.657 Thread 0x0000017d466f4b20 Exception <a 'java/lang/NoSuchMethodError'{0x00000007127ccff0}: 'java.lang.Object java.lang.invoke.DirectMethodHandle$Holder.invokeStatic(java.lang.Object, long)'> (0x00000007127ccff0) 
thrown [s\open\src\hotspot\share\interpreter\linkResolver.cpp, line 805]
Event: 0.658 Thread 0x0000017d466f4b20 Exception <a 'java/lang/NoSuchMethodError'{0x00000007127dd098}: 'long java.lang.invoke.DelegatingMethodHandle$Holder.reinvoke_L(java.lang.Object, java.lang.Object)'> (0x00000007127dd098) 
thrown [s\open\src\hotspot\share\interpreter\linkResolver.cpp, line 805]
Event: 164.284 Thread 0x0000017d466f3a60 Implicit null exception at 0x0000017d37aee959 to 0x0000017d37aef6c4
Event: 164.291 Thread 0x0000017d466f3a60 Exception <a 'java/lang/NoSuchMethodError'{0x00000007121740e0}: 'void java.lang.invoke.DirectMethodHandle$Holder.invokeStaticInit(java.lang.Object)'> (0x00000007121740e0) 
thrown [s\open\src\hotspot\share\interpreter\linkResolver.cpp, line 805]
Event: 164.296 Thread 0x0000017d466f3a60 Exception <a 'java/lang/NoSuchMethodError'{0x00000007121d2908}: 'java.lang.Object java.lang.invoke.DirectMethodHandle$Holder.newInvokeSpecial(java.lang.Object, java.lang.Object, java.lang.Object, java.lang.Object, java.lang.Object)'> (0x00000007121d2908) 
thrown [s\open\src\hotspot\share\interpreter\linkResolver.cpp, line 805]
Event: 164.327 Thread 0x0000017d466f3a60 Exception <a 'java/lang/NoSuchMethodError'{0x0000000711f67be0}: 'int java.lang.invoke.DirectMethodHandle$Holder.invokeStatic(java.lang.Object, java.lang.Object, java.lang.Object, java.lang.Object)'> (0x0000000711f67be0) 
thrown [s\open\src\hotspot\share\interpreter\linkResolver.cpp, line 805]
Event: 164.406 Thread 0x0000017d466f3a60 Exception <a 'java/lang/NoSuchMethodError'{0x0000000711b62118}: 'void java.lang.invoke.DirectMethodHandle$Holder.invokeSpecial(java.lang.Object, java.lang.Object, int)'> (0x0000000711b62118) 
thrown [s\open\src\hotspot\share\interpreter\linkResolver.cpp, line 805]
Event: 164.406 Thread 0x0000017d466f3a60 Exception <a 'java/lang/NoSuchMethodError'{0x0000000711b69d38}: 'void java.lang.invoke.Invokers$Holder.invokeExact_MT(java.lang.Object, int, java.lang.Object)'> (0x0000000711b69d38) 
thrown [s\open\src\hotspot\share\interpreter\linkResolver.cpp, line 805]
Event: 164.408 Thread 0x0000017d466f3a60 Exception <a 'java/lang/NoSuchMethodError'{0x0000000711b84598}: 'void java.lang.invoke.DirectMethodHandle$Holder.invokeStatic(java.lang.Object, java.lang.Object, int)'> (0x0000000711b84598) 
thrown [s\open\src\hotspot\share\interpreter\linkResolver.cpp, line 805]
Event: 164.408 Thread 0x0000017d466f3a60 Exception <a 'java/lang/NoSuchMethodError'{0x0000000711b934a0}: 'java.lang.Object java.lang.invoke.DirectMethodHandle$Holder.newInvokeSpecial(java.lang.Object, java.lang.Object, int)'> (0x0000000711b934a0) 
thrown [s\open\src\hotspot\share\interpreter\linkResolver.cpp, line 805]
Event: 164.414 Thread 0x0000017d466f3a60 Exception <a 'sun/nio/fs/WindowsException'{0x0000000711bc7658}> (0x0000000711bc7658) 
thrown [s\open\src\hotspot\share\prims\jni.cpp, line 518]
Event: 164.416 Thread 0x0000017d466f3a60 Exception <a 'sun/nio/fs/WindowsException'{0x0000000711bd46b0}> (0x0000000711bd46b0) 
thrown [s\open\src\hotspot\share\prims\jni.cpp, line 518]
Event: 164.418 Thread 0x0000017d466f3a60 Exception <a 'sun/nio/fs/WindowsException'{0x0000000711be6938}> (0x0000000711be6938) 
thrown [s\open\src\hotspot\share\prims\jni.cpp, line 518]

VM Operations (20 events):
Event: 0.149 Executing VM operation: HandshakeAllThreads (Deoptimize)
Event: 0.149 Executing VM operation: HandshakeAllThreads (Deoptimize) done
Event: 0.389 Executing VM operation: HandshakeAllThreads (Deoptimize)
Event: 0.389 Executing VM operation: HandshakeAllThreads (Deoptimize) done
Event: 0.442 Executing VM operation: HandshakeAllThreads (Deoptimize)
Event: 0.442 Executing VM operation: HandshakeAllThreads (Deoptimize) done
Event: 0.480 Executing VM operation: HandshakeAllThreads (Deoptimize)
Event: 0.480 Executing VM operation: HandshakeAllThreads (Deoptimize) done
Event: 60.145 Executing VM operation: HandshakeAllThreads (HandshakeForDeflation)
Event: 60.145 Executing VM operation: HandshakeAllThreads (HandshakeForDeflation) done
Event: 60.145 Executing VM operation: RendezvousGCThreads
Event: 60.145 Executing VM operation: RendezvousGCThreads done
Event: 120.251 Executing VM operation: HandshakeAllThreads (HandshakeForDeflation)
Event: 120.251 Executing VM operation: HandshakeAllThreads (HandshakeForDeflation) done
Event: 120.251 Executing VM operation: RendezvousGCThreads
Event: 120.251 Executing VM operation: RendezvousGCThreads done
Event: 164.410 Executing VM operation: HandshakeAllThreads (Deoptimize)
Event: 164.410 Executing VM operation: HandshakeAllThreads (Deoptimize) done
Event: 164.441 Executing VM operation: JFRSafepointClear
Event: 164.441 Executing VM operation: JFRSafepointClear done

Memory protections (0 events):
No events

Nmethod flushes (0 events):
No events

Events (20 events):
Event: 0.041 Thread 0x0000017d2771a030 Thread added: 0x0000017d466f3a60
Event: 0.041 Thread 0x0000017d2771a030 Thread added: 0x0000017d466f59c0
Event: 0.041 Thread 0x0000017d2771a030 Thread added: 0x0000017d466f7700
Event: 0.041 Thread 0x0000017d2771a030 Thread added: 0x0000017d46706090
Event: 0.041 Thread 0x0000017d2771a030 Thread added: 0x0000017d4670d170
Event: 0.065 Thread 0x0000017d2771a030 Thread added: 0x0000017d466f6110
Event: 0.123 Thread 0x0000017d2771a030 Thread added: 0x0000017d466f6fb0
Event: 0.123 Thread 0x0000017d2771a030 Thread added: 0x0000017d466f6860
Event: 0.157 Thread 0x0000017d4670d170 Thread added: 0x0000017d8c230630
Event: 0.341 Thread 0x0000017d4670d170 Thread added: 0x0000017d8c781e60
Event: 0.448 Thread 0x0000017d466f3a60 Thread added: 0x0000017d466f7e50
Event: 0.459 Thread 0x0000017d466f7e50 Thread added: 0x0000017d466f4b20
Event: 0.474 Thread 0x0000017d466f4b20 Thread added: 0x0000017d466f5270
Event: 0.479 Thread 0x0000017d466f4b20 Thread added: 0x0000017d8c7566d0
Event: 0.654 Thread 0x0000017d8c781e60 Thread exited: 0x0000017d8c781e60
Event: 0.654 Thread 0x0000017d8c230630 Thread exited: 0x0000017d8c230630
Event: 164.274 Thread 0x0000017d4670d170 Thread added: 0x0000017d8c3b9ce0
Event: 164.289 Thread 0x0000017d466f3a60 Thread added: 0x0000017d8c759a00
Event: 164.336 Thread 0x0000017d4670d170 Thread added: 0x0000017d8c5173c0
Event: 164.408 Thread 0x0000017d466f3a60 Thread added: 0x0000017d8c758b60


Dynamic libraries:
0x00007ff7ae590000 - 0x00007ff7ae59e000 	C:\Users\Administrator\.jdks\openjdk-24\bin\java.exe
0x00007ffc992a0000 - 0x00007ffc994a9000 	C:\Windows\SYSTEM32\ntdll.dll
0x00007ffc97680000 - 0x00007ffc9773d000 	C:\Windows\System32\KERNEL32.DLL
0x00007ffc96730000 - 0x00007ffc96ab4000 	C:\Windows\System32\KERNELBASE.dll
0x00007ffc93090000 - 0x00007ffc93122000 	C:\Windows\SYSTEM32\apphelp.dll
0x00007ffc96e10000 - 0x00007ffc96f21000 	C:\Windows\System32\ucrtbase.dll
0x00007ffc83060000 - 0x00007ffc8307b000 	C:\Users\Administrator\.jdks\openjdk-24\bin\VCRUNTIME140.dll
0x00007ffc82820000 - 0x00007ffc82836000 	C:\Users\Administrator\.jdks\openjdk-24\bin\jli.dll
0x00007ffc97810000 - 0x00007ffc979bd000 	C:\Windows\System32\USER32.dll
0x00007ffc96ac0000 - 0x00007ffc96ae6000 	C:\Windows\System32\win32u.dll
0x00007ffc80ab0000 - 0x00007ffc80d55000 	C:\Windows\WinSxS\amd64_microsoft.windows.common-controls_6595b64144ccf1df_6.0.22000.120_none_9d947278b86cc467\COMCTL32.dll
0x00007ffc99090000 - 0x00007ffc990ba000 	C:\Windows\System32\GDI32.dll
0x00007ffc991b0000 - 0x00007ffc99253000 	C:\Windows\System32\msvcrt.dll
0x00007ffc96fd0000 - 0x00007ffc970ee000 	C:\Windows\System32\gdi32full.dll
0x00007ffc96f30000 - 0x00007ffc96fcd000 	C:\Windows\System32\msvcp_win.dll
0x00007ffc97740000 - 0x00007ffc97771000 	C:\Windows\System32\IMM32.DLL
0x00007ffc8f2d0000 - 0x00007ffc8f2dc000 	C:\Users\Administrator\.jdks\openjdk-24\bin\vcruntime140_1.dll
0x00007ffc82790000 - 0x00007ffc8281e000 	C:\Users\Administrator\.jdks\openjdk-24\bin\msvcp140.dll
0x00007ffbc2940000 - 0x00007ffbc36e2000 	C:\Users\Administrator\.jdks\openjdk-24\bin\server\jvm.dll
0x00007ffc97e50000 - 0x00007ffc97efe000 	C:\Windows\System32\ADVAPI32.dll
0x00007ffc97350000 - 0x00007ffc973ee000 	C:\Windows\System32\sechost.dll
0x00007ffc97220000 - 0x00007ffc97341000 	C:\Windows\System32\RPCRT4.dll
0x00007ffc990e0000 - 0x00007ffc9914f000 	C:\Windows\System32\WS2_32.dll
0x00007ffc95090000 - 0x00007ffc950dd000 	C:\Windows\SYSTEM32\POWRPROF.dll
0x00007ffc8f9e0000 - 0x00007ffc8fa13000 	C:\Windows\SYSTEM32\WINMM.dll
0x00007ffc93b40000 - 0x00007ffc93b4a000 	C:\Windows\SYSTEM32\VERSION.dll
0x00007ffc95180000 - 0x00007ffc95193000 	C:\Windows\SYSTEM32\UMPDC.dll
0x00007ffc95890000 - 0x00007ffc958a8000 	C:\Windows\SYSTEM32\kernel.appcore.dll
0x00007ffc83050000 - 0x00007ffc8305a000 	C:\Users\Administrator\.jdks\openjdk-24\bin\jimage.dll
0x00007ffc938d0000 - 0x00007ffc93af1000 	C:\Windows\SYSTEM32\DBGHELP.DLL
0x00007ffc86540000 - 0x00007ffc86571000 	C:\Windows\SYSTEM32\dbgcore.DLL
0x00007ffc96d90000 - 0x00007ffc96e0f000 	C:\Windows\System32\bcryptPrimitives.dll
0x00007ffc82760000 - 0x00007ffc8276f000 	C:\Users\Administrator\.jdks\openjdk-24\bin\instrument.dll
0x00007ffc82770000 - 0x00007ffc8278e000 	C:\Users\Administrator\.jdks\openjdk-24\bin\java.dll
0x00007ffc973f0000 - 0x00007ffc9758a000 	C:\Windows\System32\ole32.dll
0x00007ffc98aa0000 - 0x00007ffc98e16000 	C:\Windows\System32\combase.dll
0x00007ffc981b0000 - 0x00007ffc98975000 	C:\Windows\System32\SHELL32.dll
0x00007ffc94810000 - 0x00007ffc95072000 	C:\Windows\SYSTEM32\windows.storage.dll
0x00007ffc946a0000 - 0x00007ffc94807000 	C:\Windows\SYSTEM32\wintypes.dll
0x00007ffc97590000 - 0x00007ffc9767a000 	C:\Windows\System32\SHCORE.dll
0x00007ffc971c0000 - 0x00007ffc9721d000 	C:\Windows\System32\shlwapi.dll
0x00007ffc96660000 - 0x00007ffc96685000 	C:\Windows\SYSTEM32\profapi.dll
0x00007ffc798a0000 - 0x00007ffc79977000 	C:\Users\Administrator\.jdks\openjdk-24\bin\jsvml.dll
0x00007ffc7fe70000 - 0x00007ffc7fe87000 	C:\Users\Administrator\.jdks\openjdk-24\bin\zip.dll
0x00007ffc82750000 - 0x00007ffc82760000 	C:\Users\Administrator\.jdks\openjdk-24\bin\net.dll
0x00007ffc95d40000 - 0x00007ffc95da7000 	C:\Windows\system32\mswsock.dll
0x00007ffc82640000 - 0x00007ffc82656000 	C:\Users\Administrator\.jdks\openjdk-24\bin\nio.dll
0x00007ffc82740000 - 0x00007ffc82749000 	C:\Users\Administrator\.jdks\openjdk-24\bin\extnet.dll
0x00007ffc95420000 - 0x00007ffc95507000 	C:\Windows\SYSTEM32\DNSAPI.dll
0x00007ffc953b0000 - 0x00007ffc953dd000 	C:\Windows\SYSTEM32\IPHLPAPI.DLL
0x00007ffc981a0000 - 0x00007ffc981a9000 	C:\Windows\System32\NSI.dll
0x00007ffc8c1f0000 - 0x00007ffc8c1fa000 	C:\Windows\System32\rasadhlp.dll
0x00007ffc8d100000 - 0x00007ffc8d181000 	C:\Windows\System32\fwpuclnt.dll
0x00007ffc82630000 - 0x00007ffc8263a000 	C:\Users\Administrator\.jdks\openjdk-24\bin\management.dll
0x00007ffc79e60000 - 0x00007ffc79e6b000 	C:\Users\Administrator\.jdks\openjdk-24\bin\management_ext.dll
0x00007ffc97800000 - 0x00007ffc97808000 	C:\Windows\System32\PSAPI.DLL
0x00007ffc95f80000 - 0x00007ffc95f98000 	C:\Windows\SYSTEM32\CRYPTSP.dll
0x00007ffc957f0000 - 0x00007ffc95825000 	C:\Windows\system32\rsaenh.dll
0x00007ffc95e30000 - 0x00007ffc95e5c000 	C:\Windows\SYSTEM32\USERENV.dll
0x00007ffc96100000 - 0x00007ffc96127000 	C:\Windows\SYSTEM32\bcrypt.dll
0x00007ffc95fa0000 - 0x00007ffc95fac000 	C:\Windows\SYSTEM32\CRYPTBASE.dll
0x00007ffc82ff0000 - 0x00007ffc83007000 	C:\Windows\system32\napinsp.dll
0x00007ffc82fd0000 - 0x00007ffc82feb000 	C:\Windows\system32\pnrpnsp.dll
0x00007ffc7ae90000 - 0x00007ffc7aea2000 	C:\Windows\System32\winrnr.dll
0x00007ffc8cce0000 - 0x00007ffc8ccf5000 	C:\Windows\system32\wshbth.dll
0x00007ffc597f0000 - 0x00007ffc5980f000 	C:\Windows\system32\nlansp_c.dll
0x00007ffc3ee70000 - 0x00007ffc3f07e000 	C:\Users\Administrator\AppData\Local\Temp\idea_libasyncProfiler_dll_temp_folder\libasyncProfiler.dll

dbghelp: loaded successfully - version: 4.0.5 - missing functions: none
symbol engine: initialized successfully - sym options: 0x614 - pdb path: .;C:\Users\Administrator\.jdks\openjdk-24\bin;C:\Windows\SYSTEM32;C:\Windows\WinSxS\amd64_microsoft.windows.common-controls_6595b64144ccf1df_6.0.22000.120_none_9d947278b86cc467;C:\Users\Administrator\.jdks\openjdk-24\bin\server;C:\Users\Administrator\AppData\Local\Temp\idea_libasyncProfiler_dll_temp_folder

VM Arguments:
jvm_args: -javaagent:C:\Program Files\JetBrains\IntelliJ IDEA 2024.3.5\lib\idea_rt.jar=59434 -Dfile.encoding=UTF-8 -Dsun.stdout.encoding=UTF-8 -Dsun.stderr.encoding=UTF-8 
java_command: Main
java_class_path (initial): C:\Users\Administrator\IdeaProjects\ExamProcessingSystem\out\production\ExamProcessingSystem
Launcher Type: SUN_STANDARD

[Global flags]
     intx CICompilerCount                          = 4                                         {product} {ergonomic}
     uint ConcGCThreads                            = 2                                         {product} {ergonomic}
     bool FlightRecorder                           = true                                      {product} {management}
     uint G1ConcRefinementThreads                  = 8                                         {product} {ergonomic}
   size_t G1HeapRegionSize                         = 2097152                                   {product} {ergonomic}
   size_t InitialHeapSize                          = 266338304                                 {product} {ergonomic}
   size_t MarkStackSize                            = 4194304                                   {product} {ergonomic}
   size_t MarkStackSizeMax                         = 536870912                                 {product} {ergonomic}
   size_t MaxHeapSize                              = 4232052736                                {product} {ergonomic}
   size_t MaxNewSize                               = 2537553920                                {product} {ergonomic}
   size_t MinHeapDeltaBytes                        = 2097152                                   {product} {ergonomic}
   size_t MinHeapSize                              = 8388608                                   {product} {ergonomic}
    uintx NonNMethodCodeHeapSize                   = 5832704                                {pd product} {ergonomic}
    uintx NonProfiledCodeHeapSize                  = 122945536                              {pd product} {ergonomic}
    uintx ProfiledCodeHeapSize                     = 122880000                              {pd product} {ergonomic}
    uintx ReservedCodeCacheSize                    = 251658240                              {pd product} {ergonomic}
     bool SegmentedCodeCache                       = true                                      {product} {ergonomic}
   size_t SoftMaxHeapSize                          = 4232052736                             {manageable} {ergonomic}
     bool UseCompressedOops                        = true                           {product lp64_product} {ergonomic}
     bool UseG1GC                                  = true                                      {product} {ergonomic}
     bool UseLargePagesIndividualAllocation        = false                                  {pd product} {ergonomic}

Logging:
Log output configuration:
 #0: stdout all=warning uptime,level,tags foldmultilines=false
 #1: stderr all=off uptime,level,tags foldmultilines=false

Environment Variables:
PATH=C:\Program Files\Google\Chrome\Application;C:\Windows\system32;C:\Windows;C:\Windows\System32\Wbem;C:\Windows\System32\WindowsPowerShell\v1.0\;C:\Windows\System32\OpenSSH\;C:\Users\Administrator\AppData\Local\Microsoft\WindowsApps;C:\Users\Administrator\AppData\Local\Programs\Microsoft VS Code\bin
USERNAME=Joy
OS=Windows_NT
PROCESSOR_IDENTIFIER=Intel64 Family 6 Model 142 Stepping 12, GenuineIntel
TMP=C:\Users\ADMINI~1\AppData\Local\Temp
TEMP=C:\Users\ADMINI~1\AppData\Local\Temp




Periodic native trim disabled

---------------  S Y S T E M  ---------------

OS:
 Windows 11 , 64 bit Build 22000 (10.0.22000.2538)
OS uptime: 2 days 4:59 hours

CPU: total 8 (initial active 8) (4 cores per cpu, 2 threads per core) family 6 model 142 stepping 12 microcode 0xf0, cx8, cmov, fxsr, ht, mmx, 3dnowpref, sse, sse2, sse3, ssse3, sse4.1, sse4.2, popcnt, lzcnt, tsc, tscinvbit, avx, avx2, aes, erms, clmul, bmi1, bmi2, adx, fma, vzeroupper, clflush, clflushopt, rdtscp, f16c
Processor Information for processor 0
  Max Mhz: 2304, Current Mhz: 1803, Mhz Limit: 1797
Processor Information for processor 1
  Max Mhz: 2304, Current Mhz: 1502, Mhz Limit: 1797
Processor Information for processor 2
  Max Mhz: 2304, Current Mhz: 1803, Mhz Limit: 1797
Processor Information for processor 3
  Max Mhz: 2304, Current Mhz: 1502, Mhz Limit: 1797
Processor Information for processor 4
  Max Mhz: 2304, Current Mhz: 1502, Mhz Limit: 1797
Processor Information for processor 5
  Max Mhz: 2304, Current Mhz: 1502, Mhz Limit: 1797
Processor Information for processor 6
  Max Mhz: 2304, Current Mhz: 1502, Mhz Limit: 1797
Processor Information for processor 7
  Max Mhz: 2304, Current Mhz: 1803, Mhz Limit: 1797

Memory: 4k page, system-wide physical 16136M (5497M free)
TotalPageFile size 19080M (AvailPageFile size 6547M)
current process WorkingSet (physical memory assigned to process): 102M, peak: 102M
current process commit charge ("private bytes"): 395M, peak: 397M

vm_info: OpenJDK 64-Bit Server VM (24+36-3646) for windows-amd64 JRE (24+36-3646), built on 2025-02-06T00:20:43Z with MS VC++ 17.6 (VS2022)

END.
